[Mon Jun  4 15:55:00 2012] [info] Listening at "http://*:3000".
[Mon Jun  4 15:55:06 2012] [debug] Your secret passphrase needs to be changed!!!
[Mon Jun  4 15:55:06 2012] [debug] GET / (Mozilla/5.0 (X11; Ubuntu; Linux i686; rv:12.0) Gecko/20100101 Firefox/12.0).
[Mon Jun  4 15:55:06 2012] [debug] Routing to controller "Hello::Example" and action "welcome".
[Mon Jun  4 15:55:06 2012] [debug] Rendering template "example/welcome.html.ep".
[Mon Jun  4 15:55:06 2012] [debug] Rendering template "layouts/default.html.ep".
[Mon Jun  4 15:55:06 2012] [debug] 200 OK (0.045699s, 21.882/s).
[Mon Jun  4 15:55:25 2012] [debug] GET / (Mozilla/5.0 (X11; Ubuntu; Linux i686; rv:12.0) Gecko/20100101 Firefox/12.0).
[Mon Jun  4 15:55:25 2012] [debug] Routing to controller "Hello::Example" and action "welcome".
[Mon Jun  4 15:55:25 2012] [debug] Rendering cached template "example/welcome.html.ep".
[Mon Jun  4 15:55:25 2012] [debug] Rendering cached template "layouts/default.html.ep".
[Mon Jun  4 15:55:25 2012] [debug] 200 OK (0.009867s, 101.348/s).
[Mon Jun  4 15:56:34 2012] [info] Listening at "http://*:3000".
[Mon Jun  4 15:56:54 2012] [debug] Your secret passphrase needs to be changed!!!
[Mon Jun  4 15:56:54 2012] [debug] GET / (Mozilla/5.0 (X11; Ubuntu; Linux i686; rv:12.0) Gecko/20100101 Firefox/12.0).
[Mon Jun  4 15:56:54 2012] [debug] Routing to controller "Hello::Example" and action "welcome".
[Mon Jun  4 15:56:55 2012] [debug] Rendering template "example/welcome.html.ep".
[Mon Jun  4 15:56:55 2012] [debug] Rendering template "layouts/default.html.ep".
[Mon Jun  4 15:56:55 2012] [debug] 200 OK (0.033301s, 30.029/s).
[Mon Jun  4 16:00:42 2012] [debug] GET / (Mozilla/5.0 (X11; Ubuntu; Linux i686; rv:12.0) Gecko/20100101 Firefox/12.0).
[Mon Jun  4 16:00:42 2012] [debug] Routing to controller "Hello::Example" and action "welcome".
[Mon Jun  4 16:00:42 2012] [debug] Rendering cached template "example/welcome.html.ep".
[Mon Jun  4 16:00:42 2012] [debug] Rendering cached template "layouts/default.html.ep".
[Mon Jun  4 16:00:42 2012] [debug] 200 OK (0.008473s, 118.022/s).
[Mon Jun  4 16:00:43 2012] [debug] GET / (Mozilla/5.0 (X11; Ubuntu; Linux i686; rv:12.0) Gecko/20100101 Firefox/12.0).
[Mon Jun  4 16:00:43 2012] [debug] Routing to controller "Hello::Example" and action "welcome".
[Mon Jun  4 16:00:43 2012] [debug] Rendering cached template "example/welcome.html.ep".
[Mon Jun  4 16:00:43 2012] [debug] Rendering cached template "layouts/default.html.ep".
[Mon Jun  4 16:00:43 2012] [debug] 200 OK (0.009310s, 107.411/s).
[Mon Jun  4 16:00:44 2012] [debug] GET / (Mozilla/5.0 (X11; Ubuntu; Linux i686; rv:12.0) Gecko/20100101 Firefox/12.0).
[Mon Jun  4 16:00:45 2012] [debug] Routing to controller "Hello::Example" and action "welcome".
[Mon Jun  4 16:00:45 2012] [debug] Rendering cached template "example/welcome.html.ep".
[Mon Jun  4 16:00:45 2012] [debug] Rendering cached template "layouts/default.html.ep".
[Mon Jun  4 16:00:45 2012] [debug] 200 OK (0.007736s, 129.266/s).
[Mon Jun  4 16:00:48 2012] [debug] GET / (Mozilla/5.0 (X11; Ubuntu; Linux i686; rv:12.0) Gecko/20100101 Firefox/12.0).
[Mon Jun  4 16:00:48 2012] [debug] Routing to controller "Hello::Example" and action "welcome".
[Mon Jun  4 16:00:48 2012] [debug] Rendering cached template "example/welcome.html.ep".
[Mon Jun  4 16:00:48 2012] [debug] Rendering cached template "layouts/default.html.ep".
[Mon Jun  4 16:00:48 2012] [debug] 200 OK (0.013509s, 74.025/s).
[Mon Jun  4 16:01:17 2012] [info] Listening at "http://*:3000".
[Mon Jun  4 16:01:22 2012] [debug] Your secret passphrase needs to be changed!!!
[Mon Jun  4 16:01:22 2012] [debug] GET / (Mozilla/5.0 (X11; Ubuntu; Linux i686; rv:12.0) Gecko/20100101 Firefox/12.0).
[Mon Jun  4 16:01:22 2012] [debug] Routing to controller "Hello::Example" and action "welcome".
[Mon Jun  4 16:01:22 2012] [debug] Rendering template "example/welcome.html.ep".
[Mon Jun  4 16:01:22 2012] [debug] Rendering template "layouts/default.html.ep".
[Mon Jun  4 16:01:22 2012] [debug] 200 OK (0.041500s, 24.096/s).
[Mon Jun  4 16:01:33 2012] [debug] GET / (Mozilla/5.0 (X11; Ubuntu; Linux i686; rv:12.0) Gecko/20100101 Firefox/12.0).
[Mon Jun  4 16:01:33 2012] [debug] Routing to controller "Hello::Example" and action "welcome".
[Mon Jun  4 16:01:33 2012] [debug] Rendering cached template "example/welcome.html.ep".
[Mon Jun  4 16:01:33 2012] [debug] Rendering cached template "layouts/default.html.ep".
[Mon Jun  4 16:01:33 2012] [debug] 200 OK (0.008350s, 119.760/s).
[Mon Jun  4 16:02:26 2012] [debug] Your secret passphrase needs to be changed!!!
[Mon Jun  4 16:02:26 2012] [debug] GET / (Mozilla/5.0 (X11; Ubuntu; Linux i686; rv:12.0) Gecko/20100101 Firefox/12.0).
[Mon Jun  4 16:02:26 2012] [debug] Routing to controller "Hello::Example" and action "welcome".
[Mon Jun  4 16:02:26 2012] [debug] Rendering template "example/welcome.html.ep".
[Mon Jun  4 16:02:26 2012] [debug] Rendering template "layouts/default.html.ep".
[Mon Jun  4 16:02:26 2012] [debug] 200 OK (0.032036s, 31.215/s).
